{"/mnt/d/Mtalkz/mt-voice-callpatch-worker/PayloadQueue.js": {"path":"/mnt/d/Mtalkz/mt-voice-callpatch-worker/PayloadQueue.js","statementMap":{"0":{"start":{"line":1,"column":18},"end":{"line":1,"column":35}},"1":{"start":{"line":3,"column":23},"end":{"line":3,"column":40}},"2":{"start":{"line":7,"column":21},"end":{"line":27,"column":1}},"3":{"start":{"line":30,"column":0},"end":{"line":48,"column":1}},"4":{"start":{"line":32,"column":20},"end":{"line":37,"column":6}},"5":{"start":{"line":40,"column":8},"end":{"line":40,"column":47}},"6":{"start":{"line":43,"column":4},"end":{"line":43,"column":13}},"7":{"start":{"line":47,"column":4},"end":{"line":47,"column":64}},"8":{"start":{"line":50,"column":0},"end":{"line":50,"column":27}}},"fnMap":{"0":{"name":"addJobs","decl":{"start":{"line":39,"column":19},"end":{"line":39,"column":26}},"loc":{"start":{"line":39,"column":29},"end":{"line":41,"column":5}},"line":39}},"branchMap":{},"s":{"0":1,"1":1,"2":1,"3":1,"4":1,"5":1,"6":1,"7":0,"8":1},"f":{"0":1},"b":{},"_coverageSchema":"1a1c01bbd47fc00a2c39e90264f33305004495a9","hash":"b0183fb395ad90459ba42b46563089c37d310ee9"}
,"/mnt/d/Mtalkz/mt-voice-callpatch-worker/data.js": {"path":"/mnt/d/Mtalkz/mt-voice-callpatch-worker/data.js","statementMap":{"0":{"start":{"line":2,"column":18},"end":{"line":4,"column":1}},"1":{"start":{"line":6,"column":19},"end":{"line":9,"column":1}},"2":{"start":{"line":12,"column":24},"end":{"line":16,"column":1}},"3":{"start":{"line":19,"column":25},"end":{"line":27,"column":1}},"4":{"start":{"line":29,"column":18},"end":{"line":52,"column":1}},"5":{"start":{"line":54,"column":19},"end":{"line":54,"column":35}},"6":{"start":{"line":57,"column":0},"end":{"line":64,"column":1}}},"fnMap":{},"branchMap":{},"s":{"0":1,"1":1,"2":1,"3":1,"4":1,"5":1,"6":1},"f":{},"b":{},"_coverageSchema":"1a1c01bbd47fc00a2c39e90264f33305004495a9","hash":"ecf6ad9678bdcabb6091df92b4b37b5bf716101e"}
}
